<?xml version="1.0" encoding="UTF-8"?>
<coverage generated="1612154302575" clover="3.2.0">
  <project timestamp="1612154302575" name="All files">
    <metrics statements="21" coveredstatements="19" conditionals="0" coveredconditionals="0" methods="13" coveredmethods="11" elements="34" coveredelements="30" complexity="0" loc="21" ncloc="21" packages="1" files="4" classes="4"/>
    <file name="cloneArray.js" path="/Users/kennyquach/Documents/Projects/testing/jest-tester/cloneArray.js">
      <metrics statements="2" coveredstatements="2" conditionals="0" coveredconditionals="0" methods="1" coveredmethods="1"/>
      <line num="2" count="2" type="stmt"/>
      <line num="5" count="1" type="stmt"/>
    </file>
    <file name="functions.js" path="/Users/kennyquach/Documents/Projects/testing/jest-tester/functions.js">
      <metrics statements="14" coveredstatements="13" conditionals="0" coveredconditionals="0" methods="9" coveredmethods="8"/>
      <line num="1" count="1" type="stmt"/>
      <line num="3" count="1" type="stmt"/>
      <line num="4" count="2" type="stmt"/>
      <line num="5" count="1" type="stmt"/>
      <line num="6" count="1" type="stmt"/>
      <line num="8" count="1" type="stmt"/>
      <line num="11" count="1" type="stmt"/>
      <line num="12" count="1" type="stmt"/>
      <line num="15" count="1" type="stmt"/>
      <line num="18" count="1" type="stmt"/>
      <line num="21" count="1" type="stmt"/>
      <line num="24" count="1" type="stmt"/>
      <line num="27" count="0" type="stmt"/>
      <line num="31" count="1" type="stmt"/>
    </file>
    <file name="subtract.js" path="/Users/kennyquach/Documents/Projects/testing/jest-tester/subtract.js">
      <metrics statements="2" coveredstatements="2" conditionals="0" coveredconditionals="0" methods="1" coveredmethods="1"/>
      <line num="2" count="1" type="stmt"/>
      <line num="5" count="1" type="stmt"/>
    </file>
    <file name="sum.js" path="/Users/kennyquach/Documents/Projects/testing/jest-tester/sum.js">
      <metrics statements="3" coveredstatements="2" conditionals="0" coveredconditionals="0" methods="2" coveredmethods="1"/>
      <line num="2" count="1" type="stmt"/>
      <line num="6" count="0" type="stmt"/>
      <line num="9" count="1" type="stmt"/>
    </file>
  </project>
</coverage>
